<?xml version="1.0" encoding="UTF-8"?>
<testng-results skipped="0" failed="0" total="1" passed="1">
  <reporter-output>
  </reporter-output>
  <suite name="Default suite" duration-ms="19384" started-at="2017-03-19T20:31:15Z" finished-at="2017-03-19T20:31:34Z">
    <groups>
    </groups>
    <test name="Default test" duration-ms="19384" started-at="2017-03-19T20:31:15Z" finished-at="2017-03-19T20:31:34Z">
      <class name="example.NewTest">
        <test-method status="PASS" signature="f()[pri:0, instance:example.NewTest@1b604f19]" name="f" duration-ms="19361" started-at="2017-03-19T13:31:15Z" finished-at="2017-03-19T13:31:34Z">
          <reporter-output>
          </reporter-output>
        </test-method> <!-- f -->
      </class> <!-- example.NewTest -->
    </test> <!-- Default test -->
  </suite> <!-- Default suite -->
</testng-results>
